<?xml version="1.0" encoding="UTF-8"?>
<testng-results ignored="0" total="1" passed="1" failed="0" skipped="0">
  <reporter-output>
  </reporter-output>
  <suite started-at="2022-08-30T20:39:16 IST" name="Default suite" finished-at="2022-08-30T20:39:48 IST" duration-ms="32029">
    <groups>
    </groups>
    <test started-at="2022-08-30T20:39:16 IST" name="Default test" finished-at="2022-08-30T20:39:48 IST" duration-ms="32029">
      <class name="TestCases.VerifySignUpTestCases">
        <test-method is-config="true" signature="launchBrowser()[pri:0, instance:TestCases.VerifySignUpTestCases@43195e57]" started-at="2022-08-30T20:39:16 IST" name="launchBrowser" finished-at="2022-08-30T20:39:19 IST" duration-ms="2835" status="PASS">
          <reporter-output>
          </reporter-output>
        </test-method> <!-- launchBrowser -->
        <test-method signature="SignUp()[pri:0, instance:TestCases.VerifySignUpTestCases@43195e57]" started-at="2022-08-30T20:39:19 IST" name="SignUp" finished-at="2022-08-30T20:39:43 IST" duration-ms="24039" status="PASS">
          <reporter-output>
          </reporter-output>
        </test-method> <!-- SignUp -->
        <test-method is-config="true" signature="tearDown()[pri:0, instance:TestCases.VerifySignUpTestCases@43195e57]" started-at="2022-08-30T20:39:43 IST" name="tearDown" finished-at="2022-08-30T20:39:48 IST" duration-ms="5130" status="PASS">
          <reporter-output>
          </reporter-output>
        </test-method> <!-- tearDown -->
      </class> <!-- TestCases.VerifySignUpTestCases -->
    </test> <!-- Default test -->
  </suite> <!-- Default suite -->
</testng-results>
